<?xml version="1.0" encoding="UTF-8"?>
<!-- Generated by org.testng.reporters.JUnitReportReporter -->
<testsuite hostname="DESKTOP-49IN1A0" failures="0" tests="1" name="PageTestClasses.LoginPageTest" time="5.304" errors="0" timestamp="2021-08-01T15:44:12 IST" skipped="0">
  <testcase classname="PageTestClasses.LoginPageTest" name="loginPageMethodExecution" time="5.304"/>
  <system-out/>
</testsuite> <!-- PageTestClasses.LoginPageTest -->
